# JRE version: OpenJDK Runtime Environment (17.0.7) (build 17.0.7+0-b2043.56-10550314)
# Java VM: OpenJDK 64-Bit Server VM (17.0.7+0-b2043.56-10550314, mixed mode, tiered, compressed oops, compressed class ptrs, g1 gc, windows-amd64)
GC Precious Log:
 CPUs: 16 total, 16 available
 Memory: 15709M
 Large Page Support: Disabled
 NUMA Support: Disabled
 Compressed Oops: Enabled (32-bit)
 Heap Region Size: 1M
 Heap Min Capacity: 8M
 Heap Initial Capacity: 246M
 Heap Max Capacity: 2G
 Pre-touch: Disabled
 Parallel Workers: 13
 Concurrent Workers: 3
 Concurrent Refinement Workers: 13
 Periodic GC: Disabled
Heap:
 garbage-first heap   total 293888K, used 174554K [0x0000000080000000, 0x0000000100000000)
  region size 1024K, 7 young (7168K), 7 survivors (7168K)
 Metaspace       used 131539K, committed 132416K, reserved 1179648K
  class space    used 19020K, committed 19456K, reserved 1048576K
GC Heap History (20 events):
Event: 20.602 GC heap after
{Heap after GC invocations=46 (full 0):
 garbage-first heap   total 293888K, used 113242K [0x0000000080000000, 0x0000000100000000)
  region size 1024K, 14 young (14336K), 14 survivors (14336K)
 Metaspace       used 104282K, committed 105152K, reserved 1179648K
  class space    used 14339K, committed 14784K, reserved 1048576K
}
Event: 22.646 GC heap before
{Heap before GC invocations=46 (full 0):
 garbage-first heap   total 293888K, used 234074K [0x0000000080000000, 0x0000000100000000)
  region size 1024K, 125 young (128000K), 14 survivors (14336K)
 Metaspace       used 108464K, committed 109248K, reserved 1179648K
  class space    used 14721K, committed 15104K, reserved 1048576K
}
Event: 22.664 GC heap after
{Heap after GC invocations=47 (full 0):
 garbage-first heap   total 293888K, used 113818K [0x0000000080000000, 0x0000000100000000)
  region size 1024K, 8 young (8192K), 8 survivors (8192K)
 Metaspace       used 108464K, committed 109248K, reserved 1179648K
  class space    used 14721K, committed 15104K, reserved 1048576K
}
Event: 24.645 GC heap before
{Heap before GC invocations=47 (full 0):
 garbage-first heap   total 293888K, used 231578K [0x0000000080000000, 0x0000000100000000)
  region size 1024K, 124 young (126976K), 8 survivors (8192K)
 Metaspace       used 112315K, committed 113088K, reserved 1179648K
  class space    used 15156K, committed 15552K, reserved 1048576K
}
Event: 24.652 GC heap after
{Heap after GC invocations=48 (full 0):
 garbage-first heap   total 293888K, used 112550K [0x0000000080000000, 0x0000000100000000)
  region size 1024K, 7 young (7168K), 7 survivors (7168K)
 Metaspace       used 112315K, committed 113088K, reserved 1179648K
  class space    used 15156K, committed 15552K, reserved 1048576K
}
Event: 25.483 GC heap before
{Heap before GC invocations=48 (full 0):
 garbage-first heap   total 293888K, used 235430K [0x0000000080000000, 0x0000000100000000)
  region size 1024K, 128 young (131072K), 7 survivors (7168K)
 Metaspace       used 113888K, committed 114688K, reserved 1179648K
  class space    used 15393K, committed 15808K, reserved 1048576K
}
Event: 25.505 GC heap after
{Heap after GC invocations=49 (full 0):
 garbage-first heap   total 293888K, used 125820K [0x0000000080000000, 0x0000000100000000)
  region size 1024K, 16 young (16384K), 16 survivors (16384K)
 Metaspace       used 113888K, committed 114688K, reserved 1179648K
  class space    used 15393K, committed 15808K, reserved 1048576K
}
Event: 26.398 GC heap before
{Heap before GC invocations=49 (full 0):
 garbage-first heap   total 293888K, used 161660K [0x0000000080000000, 0x0000000100000000)
  region size 1024K, 53 young (54272K), 16 survivors (16384K)
 Metaspace       used 117148K, committed 118016K, reserved 1179648K
  class space    used 15982K, committed 16384K, reserved 1048576K
}
Event: 26.424 GC heap after
{Heap after GC invocations=50 (full 0):
 garbage-first heap   total 293888K, used 129070K [0x0000000080000000, 0x0000000100000000)
  region size 1024K, 6 young (6144K), 6 survivors (6144K)
 Metaspace       used 117148K, committed 118016K, reserved 1179648K
  class space    used 15982K, committed 16384K, reserved 1048576K
}
Event: 27.717 GC heap before
{Heap before GC invocations=51 (full 0):
 garbage-first heap   total 293888K, used 229422K [0x0000000080000000, 0x0000000100000000)
  region size 1024K, 105 young (107520K), 6 survivors (6144K)
 Metaspace       used 121493K, committed 122432K, reserved 1179648K
  class space    used 16801K, committed 17280K, reserved 1048576K
}
Event: 27.733 GC heap after
{Heap after GC invocations=52 (full 0):
 garbage-first heap   total 293888K, used 143136K [0x0000000080000000, 0x0000000100000000)
  region size 1024K, 14 young (14336K), 14 survivors (14336K)
 Metaspace       used 121493K, committed 122432K, reserved 1179648K
  class space    used 16801K, committed 17280K, reserved 1048576K
}
Event: 27.765 GC heap before
{Heap before GC invocations=52 (full 0):
 garbage-first heap   total 293888K, used 144160K [0x0000000080000000, 0x0000000100000000)
  region size 1024K, 15 young (15360K), 14 survivors (14336K)
 Metaspace       used 121609K, committed 122496K, reserved 1179648K
  class space    used 16822K, committed 17280K, reserved 1048576K
}
Event: 27.790 GC heap after
{Heap after GC invocations=53 (full 0):
 garbage-first heap   total 293888K, used 144355K [0x0000000080000000, 0x0000000100000000)
  region size 1024K, 2 young (2048K), 2 survivors (2048K)
 Metaspace       used 121609K, committed 122496K, reserved 1179648K
  class space    used 16822K, committed 17280K, reserved 1048576K
}
Event: 28.669 GC heap before
{Heap before GC invocations=53 (full 0):
 garbage-first heap   total 293888K, used 229347K [0x0000000080000000, 0x0000000100000000)
  region size 1024K, 86 young (88064K), 2 survivors (2048K)
 Metaspace       used 124920K, committed 125888K, reserved 1179648K
  class space    used 17582K, committed 18048K, reserved 1048576K
}
Event: 28.680 GC heap after
{Heap after GC invocations=54 (full 0):
 garbage-first heap   total 293888K, used 156418K [0x0000000080000000, 0x0000000100000000)
  region size 1024K, 11 young (11264K), 11 survivors (11264K)
 Metaspace       used 124920K, committed 125888K, reserved 1179648K
  class space    used 17582K, committed 18048K, reserved 1048576K
}
Event: 29.379 GC heap before
{Heap before GC invocations=55 (full 0):
 garbage-first heap   total 293888K, used 232194K [0x0000000080000000, 0x0000000100000000)
  region size 1024K, 86 young (88064K), 11 survivors (11264K)
 Metaspace       used 127137K, committed 128064K, reserved 1179648K
  class space    used 18102K, committed 18560K, reserved 1048576K
}
Event: 29.394 GC heap after
{Heap after GC invocations=56 (full 0):
 garbage-first heap   total 293888K, used 168151K [0x0000000080000000, 0x0000000100000000)
  region size 1024K, 11 young (11264K), 11 survivors (11264K)
 Metaspace       used 127137K, committed 128064K, reserved 1179648K
  class space    used 18102K, committed 18560K, reserved 1048576K
}
Event: 29.418 GC heap before
{Heap before GC invocations=56 (full 0):
 garbage-first heap   total 293888K, used 171223K [0x0000000080000000, 0x0000000100000000)
  region size 1024K, 14 young (14336K), 11 survivors (11264K)
 Metaspace       used 127152K, committed 128064K, reserved 1179648K
  class space    used 18103K, committed 18560K, reserved 1048576K
}
Event: 29.427 GC heap after
{Heap after GC invocations=57 (full 0):
 garbage-first heap   total 293888K, used 169776K [0x0000000080000000, 0x0000000100000000)
  region size 1024K, 2 young (2048K), 2 survivors (2048K)
 Metaspace       used 127152K, committed 128064K, reserved 1179648K
  class space    used 18103K, committed 18560K, reserved 1048576K
}
Event: 30.393 GC heap before
{Heap before GC invocations=57 (full 0):
 garbage-first heap   total 293888K, used 236336K [0x0000000080000000, 0x0000000100000000)
  region size 1024K, 67 young (68608K), 2 survivors (2048K)
 Metaspace       used 131539K, committed 132416K, reserved 1179648K
  class space    used 19020K, committed 19456K, reserved 1048576K
}

