# JRE version: OpenJDK Runtime Environment (17.0.7) (build 17.0.7+0-b2043.56-10550314)
# Java VM: OpenJDK 64-Bit Server VM (17.0.7+0-b2043.56-10550314, mixed mode, tiered, compressed oops, compressed class ptrs, g1 gc, windows-amd64)
GC Precious Log:
 CPUs: 16 total, 16 available
 Memory: 15709M
 Large Page Support: Disabled
 NUMA Support: Disabled
 Compressed Oops: Enabled (32-bit)
 Heap Region Size: 1M
 Heap Min Capacity: 8M
 Heap Initial Capacity: 246M
 Heap Max Capacity: 2G
 Pre-touch: Disabled
 Parallel Workers: 13
 Concurrent Workers: 3
 Concurrent Refinement Workers: 13
 Periodic GC: Disabled
Heap:
 garbage-first heap   total 375808K, used 174501K [0x0000000080000000, 0x0000000100000000)
  region size 1024K, 3 young (3072K), 3 survivors (3072K)
 Metaspace       used 125007K, committed 125760K, reserved 1179648K
  class space    used 18603K, committed 18944K, reserved 1048576K
GC Heap History (20 events):
Event: 13.193 GC heap after
{Heap after GC invocations=30 (full 0):
 garbage-first heap   total 374784K, used 84934K [0x0000000080000000, 0x0000000100000000)
  region size 1024K, 11 young (11264K), 11 survivors (11264K)
 Metaspace       used 84980K, committed 85632K, reserved 1179648K
  class space    used 11632K, committed 11904K, reserved 1048576K
}
Event: 15.940 GC heap before
{Heap before GC invocations=30 (full 0):
 garbage-first heap   total 374784K, used 286662K [0x0000000080000000, 0x0000000100000000)
  region size 1024K, 208 young (212992K), 11 survivors (11264K)
 Metaspace       used 97619K, committed 98304K, reserved 1179648K
  class space    used 13493K, committed 13824K, reserved 1048576K
}
Event: 15.957 GC heap after
{Heap after GC invocations=31 (full 0):
 garbage-first heap   total 374784K, used 101221K [0x0000000080000000, 0x0000000100000000)
  region size 1024K, 26 young (26624K), 26 survivors (26624K)
 Metaspace       used 97619K, committed 98304K, reserved 1179648K
  class space    used 13493K, committed 13824K, reserved 1048576K
}
Event: 17.798 GC heap before
{Heap before GC invocations=31 (full 0):
 garbage-first heap   total 374784K, used 290661K [0x0000000080000000, 0x0000000100000000)
  region size 1024K, 207 young (211968K), 26 survivors (26624K)
 Metaspace       used 103488K, committed 104256K, reserved 1179648K
  class space    used 14324K, committed 14720K, reserved 1048576K
}
Event: 17.840 GC heap after
{Heap after GC invocations=32 (full 0):
 garbage-first heap   total 374784K, used 122620K [0x0000000080000000, 0x0000000100000000)
  region size 1024K, 21 young (21504K), 21 survivors (21504K)
 Metaspace       used 103488K, committed 104256K, reserved 1179648K
  class space    used 14324K, committed 14720K, reserved 1048576K
}
Event: 19.351 GC heap before
{Heap before GC invocations=32 (full 0):
 garbage-first heap   total 374784K, used 289532K [0x0000000080000000, 0x0000000100000000)
  region size 1024K, 185 young (189440K), 21 survivors (21504K)
 Metaspace       used 111716K, committed 112512K, reserved 1179648K
  class space    used 15800K, committed 16192K, reserved 1048576K
}
Event: 19.371 GC heap after
{Heap after GC invocations=33 (full 0):
 garbage-first heap   total 374784K, used 145694K [0x0000000080000000, 0x0000000100000000)
  region size 1024K, 24 young (24576K), 24 survivors (24576K)
 Metaspace       used 111716K, committed 112512K, reserved 1179648K
  class space    used 15800K, committed 16192K, reserved 1048576K
}
Event: 19.644 GC heap before
{Heap before GC invocations=33 (full 0):
 garbage-first heap   total 374784K, used 199966K [0x0000000080000000, 0x0000000100000000)
  region size 1024K, 79 young (80896K), 24 survivors (24576K)
 Metaspace       used 113103K, committed 113856K, reserved 1179648K
  class space    used 15997K, committed 16384K, reserved 1048576K
}
Event: 19.678 GC heap after
{Heap after GC invocations=34 (full 0):
 garbage-first heap   total 374784K, used 155929K [0x0000000080000000, 0x0000000100000000)
  region size 1024K, 11 young (11264K), 11 survivors (11264K)
 Metaspace       used 113103K, committed 113856K, reserved 1179648K
  class space    used 15997K, committed 16384K, reserved 1048576K
}
Event: 20.464 GC heap before
{Heap before GC invocations=35 (full 0):
 garbage-first heap   total 374784K, used 287001K [0x0000000080000000, 0x0000000100000000)
  region size 1024K, 140 young (143360K), 11 survivors (11264K)
 Metaspace       used 118255K, committed 119040K, reserved 1179648K
  class space    used 17311K, committed 17728K, reserved 1048576K
}
Event: 20.481 GC heap after
{Heap after GC invocations=36 (full 0):
 garbage-first heap   total 374784K, used 173056K [0x0000000080000000, 0x0000000100000000)
  region size 1024K, 18 young (18432K), 18 survivors (18432K)
 Metaspace       used 118255K, committed 119040K, reserved 1179648K
  class space    used 17311K, committed 17728K, reserved 1048576K
}
Event: 20.490 GC heap before
{Heap before GC invocations=36 (full 0):
 garbage-first heap   total 374784K, used 174080K [0x0000000080000000, 0x0000000100000000)
  region size 1024K, 19 young (19456K), 18 survivors (18432K)
 Metaspace       used 118367K, committed 119168K, reserved 1179648K
  class space    used 17342K, committed 17728K, reserved 1048576K
}
Event: 20.500 GC heap after
{Heap after GC invocations=37 (full 0):
 garbage-first heap   total 374784K, used 175723K [0x0000000080000000, 0x0000000100000000)
  region size 1024K, 3 young (3072K), 3 survivors (3072K)
 Metaspace       used 118367K, committed 119168K, reserved 1179648K
  class space    used 17342K, committed 17728K, reserved 1048576K
}
Event: 21.503 GC heap before
{Heap before GC invocations=37 (full 0):
 garbage-first heap   total 374784K, used 291435K [0x0000000080000000, 0x0000000100000000)
  region size 1024K, 117 young (119808K), 3 survivors (3072K)
 Metaspace       used 122670K, committed 123520K, reserved 1179648K
  class space    used 18217K, committed 18624K, reserved 1048576K
}
Event: 21.507 GC heap after
{Heap after GC invocations=38 (full 0):
 garbage-first heap   total 374784K, used 175207K [0x0000000080000000, 0x0000000100000000)
  region size 1024K, 3 young (3072K), 3 survivors (3072K)
 Metaspace       used 122670K, committed 123520K, reserved 1179648K
  class space    used 18217K, committed 18624K, reserved 1048576K
}
Event: 22.018 GC heap before
{Heap before GC invocations=39 (full 0):
 garbage-first heap   total 375808K, used 298087K [0x0000000080000000, 0x0000000100000000)
  region size 1024K, 124 young (126976K), 3 survivors (3072K)
 Metaspace       used 123771K, committed 124544K, reserved 1179648K
  class space    used 18377K, committed 18752K, reserved 1048576K
}
Event: 22.022 GC heap after
{Heap after GC invocations=40 (full 0):
 garbage-first heap   total 375808K, used 175694K [0x0000000080000000, 0x0000000100000000)
  region size 1024K, 3 young (3072K), 3 survivors (3072K)
 Metaspace       used 123771K, committed 124544K, reserved 1179648K
  class space    used 18377K, committed 18752K, reserved 1048576K
}
Event: 22.049 GC heap before
{Heap before GC invocations=40 (full 0):
 garbage-first heap   total 375808K, used 191054K [0x0000000080000000, 0x0000000100000000)
  region size 1024K, 18 young (18432K), 3 survivors (3072K)
 Metaspace       used 123924K, committed 124672K, reserved 1179648K
  class space    used 18407K, committed 18752K, reserved 1048576K
}
Event: 22.067 GC heap after
{Heap after GC invocations=41 (full 0):
 garbage-first heap   total 375808K, used 173904K [0x0000000080000000, 0x0000000100000000)
  region size 1024K, 2 young (2048K), 2 survivors (2048K)
 Metaspace       used 123924K, committed 124672K, reserved 1179648K
  class space    used 18407K, committed 18752K, reserved 1048576K
}
Event: 22.674 GC heap before
{Heap before GC invocations=41 (full 0):
 garbage-first heap   total 375808K, used 306000K [0x0000000080000000, 0x0000000100000000)
  region size 1024K, 131 young (134144K), 2 survivors (2048K)
 Metaspace       used 125007K, committed 125760K, reserved 1179648K
  class space    used 18603K, committed 18944K, reserved 1048576K
}

