# JRE version: OpenJDK Runtime Environment (17.0.7) (build 17.0.7+0-b2043.56-10550314)
# Java VM: OpenJDK 64-Bit Server VM (17.0.7+0-b2043.56-10550314, mixed mode, tiered, compressed oops, compressed class ptrs, g1 gc, windows-amd64)
GC Precious Log:
 CPUs: 16 total, 16 available
 Memory: 15709M
 Large Page Support: Disabled
 NUMA Support: Disabled
 Compressed Oops: Enabled (32-bit)
 Heap Region Size: 1M
 Heap Min Capacity: 8M
 Heap Initial Capacity: 246M
 Heap Max Capacity: 2G
 Pre-touch: Disabled
 Parallel Workers: 13
 Concurrent Workers: 3
 Concurrent Refinement Workers: 13
 Periodic GC: Disabled
Heap:
 garbage-first heap   total 264192K, used 173603K [0x0000000080000000, 0x0000000100000000)
  region size 1024K, 98 young (100352K), 14 survivors (14336K)
 Metaspace       used 96420K, committed 97088K, reserved 1179648K
  class space    used 13255K, committed 13568K, reserved 1048576K
GC Heap History (20 events):
Event: 9.002 GC heap before
{Heap before GC invocations=24 (full 0):
 garbage-first heap   total 130048K, used 66402K [0x0000000080000000, 0x0000000100000000)
  region size 1024K, 6 young (6144K), 2 survivors (2048K)
 Metaspace       used 61511K, committed 62080K, reserved 1114112K
  class space    used 8198K, committed 8448K, reserved 1048576K
}
Event: 9.005 GC heap after
{Heap after GC invocations=25 (full 0):
 garbage-first heap   total 130048K, used 61959K [0x0000000080000000, 0x0000000100000000)
  region size 1024K, 1 young (1024K), 1 survivors (1024K)
 Metaspace       used 61511K, committed 62080K, reserved 1114112K
  class space    used 8198K, committed 8448K, reserved 1048576K
}
Event: 9.653 GC heap before
{Heap before GC invocations=25 (full 0):
 garbage-first heap   total 130048K, used 84487K [0x0000000080000000, 0x0000000100000000)
  region size 1024K, 24 young (24576K), 1 survivors (1024K)
 Metaspace       used 65591K, committed 66176K, reserved 1114112K
  class space    used 8750K, committed 9024K, reserved 1048576K
}
Event: 9.657 GC heap after
{Heap after GC invocations=26 (full 0):
 garbage-first heap   total 130048K, used 64096K [0x0000000080000000, 0x0000000100000000)
  region size 1024K, 3 young (3072K), 3 survivors (3072K)
 Metaspace       used 65591K, committed 66176K, reserved 1114112K
  class space    used 8750K, committed 9024K, reserved 1048576K
}
Event: 10.024 GC heap before
{Heap before GC invocations=27 (full 0):
 garbage-first heap   total 132096K, used 105056K [0x0000000080000000, 0x0000000100000000)
  region size 1024K, 37 young (37888K), 3 survivors (3072K)
 Metaspace       used 67448K, committed 68096K, reserved 1114112K
  class space    used 9000K, committed 9280K, reserved 1048576K
}
Event: 10.027 GC heap after
{Heap after GC invocations=28 (full 0):
 garbage-first heap   total 132096K, used 67348K [0x0000000080000000, 0x0000000100000000)
  region size 1024K, 5 young (5120K), 5 survivors (5120K)
 Metaspace       used 67448K, committed 68096K, reserved 1114112K
  class space    used 9000K, committed 9280K, reserved 1048576K
}
Event: 10.036 GC heap before
{Heap before GC invocations=28 (full 0):
 garbage-first heap   total 132096K, used 68372K [0x0000000080000000, 0x0000000100000000)
  region size 1024K, 6 young (6144K), 5 survivors (5120K)
 Metaspace       used 67517K, committed 68096K, reserved 1114112K
  class space    used 9011K, committed 9280K, reserved 1048576K
}
Event: 10.039 GC heap after
{Heap after GC invocations=29 (full 0):
 garbage-first heap   total 132096K, used 67893K [0x0000000080000000, 0x0000000100000000)
  region size 1024K, 1 young (1024K), 1 survivors (1024K)
 Metaspace       used 67517K, committed 68096K, reserved 1114112K
  class space    used 9011K, committed 9280K, reserved 1048576K
}
Event: 10.504 GC heap before
{Heap before GC invocations=29 (full 0):
 garbage-first heap   total 132096K, used 101685K [0x0000000080000000, 0x0000000100000000)
  region size 1024K, 34 young (34816K), 1 survivors (1024K)
 Metaspace       used 70003K, committed 70656K, reserved 1114112K
  class space    used 9345K, committed 9664K, reserved 1048576K
}
Event: 10.508 GC heap after
{Heap after GC invocations=30 (full 0):
 garbage-first heap   total 132096K, used 69422K [0x0000000080000000, 0x0000000100000000)
  region size 1024K, 3 young (3072K), 3 survivors (3072K)
 Metaspace       used 70003K, committed 70656K, reserved 1114112K
  class space    used 9345K, committed 9664K, reserved 1048576K
}
Event: 11.232 GC heap before
{Heap before GC invocations=31 (full 0):
 garbage-first heap   total 132096K, used 108334K [0x0000000080000000, 0x0000000100000000)
  region size 1024K, 37 young (37888K), 3 survivors (3072K)
 Metaspace       used 73549K, committed 74240K, reserved 1114112K
  class space    used 9858K, committed 10176K, reserved 1048576K
}
Event: 11.235 GC heap after
{Heap after GC invocations=32 (full 0):
 garbage-first heap   total 132096K, used 75209K [0x0000000080000000, 0x0000000100000000)
  region size 1024K, 4 young (4096K), 4 survivors (4096K)
 Metaspace       used 73549K, committed 74240K, reserved 1114112K
  class space    used 9858K, committed 10176K, reserved 1048576K
}
Event: 11.262 GC heap before
{Heap before GC invocations=32 (full 0):
 garbage-first heap   total 132096K, used 77257K [0x0000000080000000, 0x0000000100000000)
  region size 1024K, 6 young (6144K), 4 survivors (4096K)
 Metaspace       used 73839K, committed 74496K, reserved 1114112K
  class space    used 9897K, committed 10176K, reserved 1048576K
}
Event: 11.265 GC heap after
{Heap after GC invocations=33 (full 0):
 garbage-first heap   total 132096K, used 75322K [0x0000000080000000, 0x0000000100000000)
  region size 1024K, 1 young (1024K), 1 survivors (1024K)
 Metaspace       used 73839K, committed 74496K, reserved 1114112K
  class space    used 9897K, committed 10176K, reserved 1048576K
}
Event: 11.571 GC heap before
{Heap before GC invocations=33 (full 0):
 garbage-first heap   total 132096K, used 107066K [0x0000000080000000, 0x0000000100000000)
  region size 1024K, 32 young (32768K), 1 survivors (1024K)
 Metaspace       used 76662K, committed 77312K, reserved 1179648K
  class space    used 10282K, committed 10560K, reserved 1048576K
}
Event: 11.575 GC heap after
{Heap after GC invocations=34 (full 0):
 garbage-first heap   total 264192K, used 77170K [0x0000000080000000, 0x0000000100000000)
  region size 1024K, 3 young (3072K), 3 survivors (3072K)
 Metaspace       used 76662K, committed 77312K, reserved 1179648K
  class space    used 10282K, committed 10560K, reserved 1048576K
}
Event: 12.893 GC heap before
{Heap before GC invocations=34 (full 0):
 garbage-first heap   total 264192K, used 182642K [0x0000000080000000, 0x0000000100000000)
  region size 1024K, 106 young (108544K), 3 survivors (3072K)
 Metaspace       used 83664K, committed 84224K, reserved 1179648K
  class space    used 11444K, committed 11712K, reserved 1048576K
}
Event: 12.898 GC heap after
{Heap after GC invocations=35 (full 0):
 garbage-first heap   total 264192K, used 82397K [0x0000000080000000, 0x0000000100000000)
  region size 1024K, 8 young (8192K), 8 survivors (8192K)
 Metaspace       used 83664K, committed 84224K, reserved 1179648K
  class space    used 11444K, committed 11712K, reserved 1048576K
}
Event: 14.221 GC heap before
{Heap before GC invocations=35 (full 0):
 garbage-first heap   total 264192K, used 198109K [0x0000000080000000, 0x0000000100000000)
  region size 1024K, 121 young (123904K), 8 survivors (8192K)
 Metaspace       used 93879K, committed 94464K, reserved 1179648K
  class space    used 12902K, committed 13184K, reserved 1048576K
}
Event: 14.230 GC heap after
{Heap after GC invocations=36 (full 0):
 garbage-first heap   total 264192K, used 88611K [0x0000000080000000, 0x0000000100000000)
  region size 1024K, 14 young (14336K), 14 survivors (14336K)
 Metaspace       used 93879K, committed 94464K, reserved 1179648K
  class space    used 12902K, committed 13184K, reserved 1048576K
}

